{
  "RSpec": {
    "coverage": {
      "/Users/jacqwhitmer/REPOS/turing/mod1/projects/enigma/lib/enigma.rb": {
        "lines": [
          1,
          null,
          1,
          2,
          2,
          2,
          null,
          null,
          null
        ]
      },
      "/Users/jacqwhitmer/REPOS/turing/mod1/projects/enigma/lib/key.rb": {
        "lines": [
          1,
          null,
          1,
          null,
          1,
          null,
          1,
          null,
          1,
          21,
          null,
          null,
          1,
          53,
          null,
          null,
          1,
          36,
          null,
          null,
          1,
          36,
          null,
          null,
          1,
          36,
          null,
          null
        ]
      },
      "/Users/jacqwhitmer/REPOS/turing/mod1/projects/enigma/lib/key_generator.rb": {
        "lines": [
          1,
          null,
          1,
          24,
          null,
          null,
          1,
          1,
          null,
          null
        ]
      },
      "/Users/jacqwhitmer/REPOS/turing/mod1/projects/enigma/spec/key_generator_spec.rb": {
        "lines": [
          1,
          1,
          1,
          null,
          null,
          1,
          null,
          1,
          1,
          null,
          null,
          1,
          1,
          null,
          1,
          null,
          null,
          1,
          1,
          1,
          null,
          1,
          null,
          null,
          1,
          1,
          null,
          1,
          null,
          null,
          null
        ]
      },
      "/Users/jacqwhitmer/REPOS/turing/mod1/projects/enigma/spec/key_spec.rb": {
        "lines": [
          1,
          1,
          null,
          null,
          1,
          null,
          1,
          null,
          null,
          1,
          1,
          1,
          null,
          null,
          1,
          1,
          1,
          null,
          1,
          1,
          1,
          1,
          null,
          null,
          null,
          null,
          1,
          null,
          null,
          null,
          null,
          null,
          null
        ]
      },
      "/Users/jacqwhitmer/REPOS/turing/mod1/projects/enigma/spec/offset_generator_spec.rb": {
        "lines": [
          1,
          1,
          1,
          null,
          null,
          1,
          null,
          1,
          1,
          null,
          null,
          1,
          1,
          1,
          1,
          1,
          null,
          null
        ]
      },
      "/Users/jacqwhitmer/REPOS/turing/mod1/projects/enigma/lib/offset.rb": {
        "lines": [
          1,
          null,
          1,
          null,
          1,
          null,
          1,
          17,
          null,
          null,
          1,
          53,
          null,
          null,
          1,
          36,
          null,
          null,
          1,
          36,
          null,
          null,
          1,
          36,
          null,
          null
        ]
      },
      "/Users/jacqwhitmer/REPOS/turing/mod1/projects/enigma/lib/offset_generator.rb": {
        "lines": [
          1,
          null,
          1,
          19,
          19,
          19,
          null,
          null,
          null
        ]
      },
      "/Users/jacqwhitmer/REPOS/turing/mod1/projects/enigma/spec/offset_spec.rb": {
        "lines": [
          1,
          1,
          null,
          null,
          1,
          null,
          1,
          null,
          1,
          1,
          1,
          null,
          1,
          null,
          null,
          1,
          1,
          1,
          null,
          1,
          1,
          1,
          1,
          null,
          null,
          null
        ]
      },
      "/Users/jacqwhitmer/REPOS/turing/mod1/projects/enigma/spec/shift_spec.rb": {
        "lines": [
          1,
          1,
          1,
          1,
          null,
          null,
          1,
          null,
          1,
          1,
          1,
          1,
          1,
          null,
          1,
          null,
          null,
          1,
          1,
          1,
          1,
          1,
          null,
          1,
          1,
          1,
          1,
          1,
          null,
          null,
          null,
          1,
          1,
          1,
          1,
          1,
          1,
          1,
          null,
          1,
          null,
          null,
          1,
          1,
          1,
          1,
          1,
          1,
          null,
          1,
          null,
          null,
          1,
          1,
          1,
          1,
          1,
          1,
          null,
          1,
          null,
          null,
          null,
          1,
          1,
          1,
          1,
          1,
          1,
          null,
          1,
          null,
          null,
          1,
          1,
          1,
          1,
          1,
          1,
          null,
          1,
          null,
          null,
          1,
          1,
          1,
          1,
          1,
          1,
          null,
          1,
          null,
          null,
          1,
          1,
          1,
          1,
          1,
          1,
          null,
          1,
          null,
          null,
          1,
          1,
          1,
          1,
          1,
          1,
          null,
          1,
          null,
          null,
          1,
          1,
          1,
          1,
          1,
          1,
          null,
          1,
          null,
          null,
          1,
          1,
          1,
          1,
          1,
          1,
          null,
          1,
          null,
          null,
          1,
          1,
          1,
          1,
          1,
          1,
          null,
          1,
          null,
          null,
          1,
          1,
          1,
          1,
          1,
          1,
          null,
          1,
          null,
          null,
          null
        ]
      },
      "/Users/jacqwhitmer/REPOS/turing/mod1/projects/enigma/lib/shift.rb": {
        "lines": [
          1,
          null,
          1,
          14,
          14,
          null,
          null,
          1,
          52,
          null,
          null,
          1,
          35,
          null,
          null,
          1,
          35,
          null,
          null,
          1,
          35,
          null,
          null,
          1,
          343,
          null,
          null,
          1,
          326,
          null,
          null,
          1,
          172,
          null,
          null,
          1,
          241,
          null,
          null,
          1,
          10,
          171,
          170,
          null,
          1,
          null,
          null,
          null,
          null,
          1,
          3,
          52,
          51,
          null,
          1,
          null,
          null,
          null,
          null,
          1,
          2,
          35,
          34,
          null,
          1,
          null,
          null,
          null,
          null,
          1,
          2,
          34,
          34,
          null,
          0,
          null,
          null,
          null,
          null,
          1,
          1,
          17,
          17,
          null,
          0,
          null,
          null,
          null,
          null,
          1,
          2,
          34,
          34,
          null,
          0,
          null,
          null,
          null,
          null,
          1,
          1,
          17,
          17,
          null,
          0,
          null,
          null,
          null,
          null,
          1,
          2,
          34,
          34,
          null,
          0,
          null,
          null,
          null,
          null,
          1,
          1,
          17,
          17,
          null,
          0,
          null,
          null,
          null,
          null,
          null
        ]
      }
    },
    "timestamp": 1619304832
  }
}
