{
  "RSpec": {
    "coverage": {
      "/Users/jacqwhitmer/REPOS/turing/mod1/projects/enigma/lib/enigma.rb": {
        "lines": [
          1,
          1,
          1,
          null,
          1,
          null,
          1,
          2,
          2,
          2,
          2,
          2,
          null,
          null,
          1,
          1,
          13,
          169,
          null,
          13,
          13,
          19,
          19,
          5,
          14,
          5,
          9,
          3,
          6,
          6,
          null,
          null,
          13,
          null,
          null,
          null,
          null
        ]
      },
      "/Users/jacqwhitmer/REPOS/turing/mod1/projects/enigma/lib/shift.rb": {
        "lines": [
          1,
          null,
          1,
          2,
          2,
          null,
          null,
          1,
          4,
          null,
          null,
          1,
          5,
          null,
          null,
          1,
          3,
          null,
          null,
          1,
          6,
          null,
          null,
          1,
          37,
          null,
          null,
          1,
          56,
          null,
          null,
          1,
          19,
          null,
          null,
          1,
          38,
          null,
          null,
          1,
          19,
          19,
          18,
          null,
          1,
          null,
          null,
          null,
          null,
          1,
          5,
          5,
          4,
          null,
          1,
          null,
          null,
          null,
          null,
          1,
          5,
          5,
          4,
          null,
          1,
          null,
          null,
          null,
          null,
          1,
          5,
          5,
          5,
          null,
          0,
          null,
          null,
          null,
          null,
          1,
          5,
          5,
          5,
          null,
          0,
          null,
          null,
          null,
          null,
          1,
          3,
          3,
          3,
          null,
          0,
          null,
          null,
          null,
          null,
          1,
          3,
          3,
          3,
          null,
          0,
          null,
          null,
          null,
          null,
          1,
          6,
          6,
          6,
          null,
          0,
          null,
          null,
          null,
          null,
          1,
          6,
          6,
          6,
          null,
          0,
          null,
          null,
          null,
          null,
          null
        ]
      },
      "/Users/jacqwhitmer/REPOS/turing/mod1/projects/enigma/lib/offset.rb": {
        "lines": [
          1,
          null,
          1,
          null,
          1,
          null,
          1,
          2,
          null,
          null,
          1,
          4,
          null,
          null,
          1,
          5,
          null,
          null,
          1,
          3,
          null,
          null,
          1,
          6,
          null,
          null
        ]
      },
      "/Users/jacqwhitmer/REPOS/turing/mod1/projects/enigma/lib/offset_generator.rb": {
        "lines": [
          1,
          null,
          1,
          2,
          2,
          2,
          null,
          null,
          null
        ]
      },
      "/Users/jacqwhitmer/REPOS/turing/mod1/projects/enigma/lib/key.rb": {
        "lines": [
          1,
          null,
          1,
          null,
          1,
          null,
          1,
          null,
          1,
          2,
          null,
          null,
          1,
          4,
          null,
          null,
          1,
          5,
          null,
          null,
          1,
          3,
          null,
          null,
          1,
          6,
          null,
          null
        ]
      },
      "/Users/jacqwhitmer/REPOS/turing/mod1/projects/enigma/lib/key_generator.rb": {
        "lines": [
          1,
          null,
          1,
          2,
          null,
          null,
          1,
          0,
          null,
          null
        ]
      }
    },
    "timestamp": 1619372898
  }
}
